This file contains any messages produced by compilers while
running configure, to aid debugging if configure makes a mistake.

It was created by projecttemplate configure 0.0.1, which was
generated by GNU Autoconf 2.69.  Invocation command line was

  $ ./configure 

## --------- ##
## Platform. ##
## --------- ##

hostname = archie
uname -m = x86_64
uname -r = 4.13.12-1-ARCH
uname -s = Linux
uname -v = #1 SMP PREEMPT Wed Nov 8 11:54:06 CET 2017

/usr/bin/uname -p = unknown
/bin/uname -X     = unknown

/bin/arch              = unknown
/usr/bin/arch -k       = unknown
/usr/convex/getsysinfo = unknown
/usr/bin/hostinfo      = unknown
/bin/machine           = unknown
/usr/bin/oslevel       = unknown
/bin/universe          = unknown

PATH: /usr/local/sbin
PATH: /usr/local/bin
PATH: /usr/bin
PATH: /usr/lib/jvm/default/bin
PATH: /usr/bin/site_perl
PATH: /usr/bin/vendor_perl
PATH: /usr/bin/core_perl
PATH: /home/dibran/eclipse/cpp-oxygen/eclipse
PATH: /home/dibran/eclipse/cpp-oxygen/eclipse


## ----------- ##
## Core tests. ##
## ----------- ##

configure:2498: checking for a BSD-compatible install
configure:2566: result: /usr/bin/install -c
configure:2577: checking whether build environment is sane
configure:2632: result: yes
configure:2783: checking for a thread-safe mkdir -p
configure:2822: result: /usr/bin/mkdir -p
configure:2829: checking for gawk
configure:2845: found /usr/bin/gawk
configure:2856: result: gawk
configure:2867: checking whether make sets $(MAKE)
configure:2889: result: yes
configure:2918: checking whether make supports nested variables
configure:2935: result: yes
configure:3095: checking build system type
configure:3109: result: x86_64-pc-linux-gnu
configure:3129: checking host system type
configure:3142: result: x86_64-pc-linux-gnu
configure:3183: checking how to print strings
configure:3210: result: printf
configure:3243: checking for style of include used by make
configure:3271: result: GNU
configure:3342: checking for gcc
configure:3358: found /usr/bin/gcc
configure:3369: result: gcc
configure:3598: checking for C compiler version
configure:3607: gcc --version >&5
gcc (GCC) 7.2.0
Copyright (C) 2017 Free Software Foundation, Inc.
This is free software; see the source for copying conditions.  There is NO
warranty; not even for MERCHANTABILITY or FITNESS FOR A PARTICULAR PURPOSE.

configure:3618: $? = 0
configure:3607: gcc -v >&5
Using built-in specs.
COLLECT_GCC=gcc
COLLECT_LTO_WRAPPER=/usr/lib/gcc/x86_64-pc-linux-gnu/7.2.0/lto-wrapper
Target: x86_64-pc-linux-gnu
Configured with: /build/gcc/src/gcc/configure --prefix=/usr --libdir=/usr/lib --libexecdir=/usr/lib --mandir=/usr/share/man --infodir=/usr/share/info --with-bugurl=https://bugs.archlinux.org/ --enable-languages=c,c++,ada,fortran,go,lto,objc,obj-c++ --enable-shared --enable-threads=posix --enable-libmpx --with-system-zlib --with-isl --enable-__cxa_atexit --disable-libunwind-exceptions --enable-clocale=gnu --disable-libstdcxx-pch --disable-libssp --enable-gnu-unique-object --enable-linker-build-id --enable-lto --enable-plugin --enable-install-libiberty --with-linker-hash-style=gnu --enable-gnu-indirect-function --disable-multilib --disable-werror --enable-checking=release --enable-default-pie --enable-default-ssp
Thread model: posix
gcc version 7.2.0 (GCC) 
configure:3618: $? = 0
configure:3607: gcc -V >&5
gcc: error: unrecognized command line option '-V'
gcc: fatal error: no input files
compilation terminated.
configure:3618: $? = 1
configure:3607: gcc -qversion >&5
gcc: error: unrecognized command line option '-qversion'; did you mean '--version'?
gcc: fatal error: no input files
compilation terminated.
configure:3618: $? = 1
configure:3638: checking whether the C compiler works
configure:3660: gcc    conftest.c  >&5
configure:3664: $? = 0
configure:3712: result: yes
configure:3715: checking for C compiler default output file name
configure:3717: result: a.out
configure:3723: checking for suffix of executables
configure:3730: gcc -o conftest    conftest.c  >&5
configure:3734: $? = 0
configure:3756: result: 
configure:3778: checking whether we are cross compiling
configure:3786: gcc -o conftest    conftest.c  >&5
configure:3790: $? = 0
configure:3797: ./conftest
configure:3801: $? = 0
configure:3816: result: no
configure:3821: checking for suffix of object files
configure:3843: gcc -c   conftest.c >&5
configure:3847: $? = 0
configure:3868: result: o
configure:3872: checking whether we are using the GNU C compiler
configure:3891: gcc -c   conftest.c >&5
configure:3891: $? = 0
configure:3900: result: yes
configure:3909: checking whether gcc accepts -g
configure:3929: gcc -c -g  conftest.c >&5
configure:3929: $? = 0
configure:3970: result: yes
configure:3987: checking for gcc option to accept ISO C89
configure:4050: gcc  -c -g -O2  conftest.c >&5
configure:4050: $? = 0
configure:4063: result: none needed
configure:4088: checking whether gcc understands -c and -o together
configure:4110: gcc -c conftest.c -o conftest2.o
configure:4113: $? = 0
configure:4110: gcc -c conftest.c -o conftest2.o
configure:4113: $? = 0
configure:4125: result: yes
configure:4144: checking dependency style of gcc
configure:4255: result: gcc3
configure:4270: checking for a sed that does not truncate output
configure:4334: result: /usr/bin/sed
configure:4352: checking for grep that handles long lines and -e
configure:4410: result: /usr/bin/grep
configure:4415: checking for egrep
configure:4477: result: /usr/bin/grep -E
configure:4482: checking for fgrep
configure:4544: result: /usr/bin/grep -F
configure:4579: checking for ld used by gcc
configure:4646: result: /usr/bin/ld
configure:4653: checking if the linker (/usr/bin/ld) is GNU ld
configure:4668: result: yes
configure:4680: checking for BSD- or MS-compatible name lister (nm)
configure:4734: result: /usr/bin/nm -B
configure:4864: checking the name lister (/usr/bin/nm -B) interface
configure:4871: gcc -c -g -O2  conftest.c >&5
configure:4874: /usr/bin/nm -B "conftest.o"

## ---------------- ##
## Cache variables. ##
## ---------------- ##

ac_cv_build=x86_64-pc-linux-gnu
ac_cv_c_compiler_gnu=yes
ac_cv_env_BOOST_ROOT_set=
ac_cv_env_BOOST_ROOT_value=
ac_cv_env_CCC_set=
ac_cv_env_CCC_value=
ac_cv_env_CC_set=
ac_cv_env_CC_value=
ac_cv_env_CFLAGS_set=
ac_cv_env_CFLAGS_value=
ac_cv_env_CPPFLAGS_set=
ac_cv_env_CPPFLAGS_value=
ac_cv_env_CPP_set=
ac_cv_env_CPP_value=
ac_cv_env_CXXCPP_set=
ac_cv_env_CXXCPP_value=
ac_cv_env_CXXFLAGS_set=
ac_cv_env_CXXFLAGS_value=
ac_cv_env_CXX_set=
ac_cv_env_CXX_value=
ac_cv_env_LDFLAGS_set=
ac_cv_env_LDFLAGS_value=
ac_cv_env_LIBS_set=
ac_cv_env_LIBS_value=
ac_cv_env_LT_SYS_LIBRARY_PATH_set=
ac_cv_env_LT_SYS_LIBRARY_PATH_value=
ac_cv_env_build_alias_set=
ac_cv_env_build_alias_value=
ac_cv_env_host_alias_set=
ac_cv_env_host_alias_value=
ac_cv_env_target_alias_set=
ac_cv_env_target_alias_value=
ac_cv_host=x86_64-pc-linux-gnu
ac_cv_objext=o
ac_cv_path_EGREP='/usr/bin/grep -E'
ac_cv_path_FGREP='/usr/bin/grep -F'
ac_cv_path_GREP=/usr/bin/grep
ac_cv_path_SED=/usr/bin/sed
ac_cv_path_install='/usr/bin/install -c'
ac_cv_path_mkdir=/usr/bin/mkdir
ac_cv_prog_AWK=gawk
ac_cv_prog_ac_ct_CC=gcc
ac_cv_prog_cc_c89=
ac_cv_prog_cc_g=yes
ac_cv_prog_make_make_set=yes
am_cv_CC_dependencies_compiler_type=gcc3
am_cv_make_support_nested_variables=yes
am_cv_prog_cc_c_o=yes
lt_cv_nm_interface='BSD nm'
lt_cv_path_LD=/usr/bin/ld
lt_cv_path_NM='/usr/bin/nm -B'
lt_cv_prog_gnu_ld=yes

## ----------------- ##
## Output variables. ##
## ----------------- ##

ACLOCAL='${SHELL} /home/dibran/git/productiestraat-spaanders/missing aclocal-1.15'
AMDEPBACKSLASH='\'
AMDEP_FALSE='#'
AMDEP_TRUE=''
AMTAR='$${TAR-tar}'
AM_BACKSLASH='\'
AM_CFLAGS=''
AM_CPPFLAGS=''
AM_CXXFLAGS=''
AM_DEFAULT_V='$(AM_DEFAULT_VERBOSITY)'
AM_DEFAULT_VERBOSITY='1'
AM_LDFLAGS=''
AM_LIBTOOLFLAGS=''
AM_V='$(V)'
AR=''
AUTOCONF='${SHELL} /home/dibran/git/productiestraat-spaanders/missing autoconf'
AUTOHEADER='${SHELL} /home/dibran/git/productiestraat-spaanders/missing autoheader'
AUTOMAKE='${SHELL} /home/dibran/git/productiestraat-spaanders/missing automake-1.15'
AWK='gawk'
BOOST_CHRONO_LDFLAGS=''
BOOST_CHRONO_LDPATH=''
BOOST_CHRONO_LIBS=''
BOOST_CPPFLAGS=''
BOOST_FILESYSTEM_LDFLAGS=''
BOOST_FILESYSTEM_LDPATH=''
BOOST_FILESYSTEM_LIBS=''
BOOST_LDFLAGS=''
BOOST_LDPATH=''
BOOST_LIBS=''
BOOST_ROOT=''
BOOST_SYSTEM_LDFLAGS=''
BOOST_SYSTEM_LDPATH=''
BOOST_SYSTEM_LIBS=''
BOOST_THREAD_LDFLAGS=''
BOOST_THREAD_LDPATH=''
BOOST_THREAD_LIBS=''
BOOST_UNIT_TEST_FRAMEWORK_LDFLAGS=''
BOOST_UNIT_TEST_FRAMEWORK_LDPATH=''
BOOST_UNIT_TEST_FRAMEWORK_LIBS=''
CC='gcc'
CCDEPMODE='depmode=gcc3'
CFLAGS='-g -O2'
CPP=''
CPPFLAGS=''
CXX=''
CXXCPP=''
CXXDEPMODE=''
CXXFLAGS=''
CYGPATH_W='echo'
DEFS=''
DEPDIR='.deps'
DISTCHECK_CONFIGURE_FLAGS=''
DLLTOOL=''
DSYMUTIL=''
DUMPBIN=''
ECHO_C=''
ECHO_N='-n'
ECHO_T=''
EGREP='/usr/bin/grep -E'
EXEEXT=''
FGREP='/usr/bin/grep -F'
GREP='/usr/bin/grep'
INSTALL_DATA='${INSTALL} -m 644'
INSTALL_PROGRAM='${INSTALL}'
INSTALL_SCRIPT='${INSTALL}'
INSTALL_STRIP_PROGRAM='$(install_sh) -c -s'
LD='/usr/bin/ld'
LDFLAGS=''
LIBOBJS=''
LIBS=''
LIBTOOL=''
LIPO=''
LN_S=''
LTLIBOBJS=''
LT_SYS_LIBRARY_PATH=''
MAKEINFO='${SHELL} /home/dibran/git/productiestraat-spaanders/missing makeinfo'
MANIFEST_TOOL=''
MKDIR_P='/usr/bin/mkdir -p'
NM='/usr/bin/nm -B'
NMEDIT=''
OBJDUMP=''
OBJEXT='o'
OTOOL64=''
OTOOL=''
PACKAGE='projecttemplate-0.0.1'
PACKAGE_BUGREPORT='J.Kraaijeveld@askesis.nl'
PACKAGE_NAME='projecttemplate'
PACKAGE_STRING='projecttemplate 0.0.1'
PACKAGE_TARNAME='projecttemplate-0.0.1'
PACKAGE_URL=''
PACKAGE_VERSION='0.0.1'
PATH_SEPARATOR=':'
PROJECTTEMPLATE_CFLAGS=''
PROJECTTEMPLATE_CPPFLAGS=''
PROJECTTEMPLATE_CXXFLAGS=''
PROJECTTEMPLATE_LDFLAGS=''
RANLIB=''
SED='/usr/bin/sed'
SET_MAKE=''
SHELL='/bin/sh'
SOCKET_LIBS=''
STRIP=''
VERSION='0.0.1'
WX_CFLAGS=''
WX_CFLAGS_ONLY=''
WX_CONFIG_PATH=''
WX_CPPFLAGS=''
WX_CXXFLAGS=''
WX_CXXFLAGS_ONLY=''
WX_LIBS=''
WX_LIBS_STATIC=''
WX_RESCOMP=''
WX_VERSION=''
WX_VERSION_MAJOR=''
WX_VERSION_MICRO=''
WX_VERSION_MINOR=''
ac_ct_AR=''
ac_ct_CC='gcc'
ac_ct_CXX=''
ac_ct_DUMPBIN=''
am__EXEEXT_FALSE=''
am__EXEEXT_TRUE=''
am__fastdepCC_FALSE='#'
am__fastdepCC_TRUE=''
am__fastdepCXX_FALSE=''
am__fastdepCXX_TRUE=''
am__include='include'
am__isrc=''
am__leading_dot='.'
am__nodep='_no'
am__quote=''
am__tar='$${TAR-tar} chof - "$$tardir"'
am__untar='$${TAR-tar} xf -'
bindir='${exec_prefix}/bin'
build='x86_64-pc-linux-gnu'
build_alias=''
build_cpu='x86_64'
build_os='linux-gnu'
build_vendor='pc'
datadir='${datarootdir}'
datarootdir='${prefix}/share'
docdir='${datarootdir}/doc/${PACKAGE_TARNAME}'
dvidir='${docdir}'
exec_prefix='NONE'
host='x86_64-pc-linux-gnu'
host_alias=''
host_cpu='x86_64'
host_os='linux-gnu'
host_vendor='pc'
htmldir='${docdir}'
includedir='${prefix}/include'
infodir='${datarootdir}/info'
install_sh='${SHELL} /home/dibran/git/productiestraat-spaanders/install-sh'
libdir='${exec_prefix}/lib'
libexecdir='${exec_prefix}/libexec'
localedir='${datarootdir}/locale'
localstatedir='${prefix}/var'
mandir='${datarootdir}/man'
mkdir_p='$(MKDIR_P)'
oldincludedir='/usr/include'
pdfdir='${docdir}'
prefix='NONE'
program_transform_name='s,x,x,'
psdir='${docdir}'
sbindir='${exec_prefix}/sbin'
sharedstatedir='${prefix}/com'
sysconfdir='${prefix}/etc'
target_alias=''

## ----------- ##
## confdefs.h. ##
## ----------- ##

/* confdefs.h */
#define PACKAGE_NAME "projecttemplate"
#define PACKAGE_TARNAME "projecttemplate-0.0.1"
#define PACKAGE_VERSION "0.0.1"
#define PACKAGE_STRING "projecttemplate 0.0.1"
#define PACKAGE_BUGREPORT "J.Kraaijeveld@askesis.nl"
#define PACKAGE_URL ""
#define PACKAGE "projecttemplate-0.0.1"
#define VERSION "0.0.1"

configure: caught signal 2
configure: exit 1
